<?xml version="1.0" encoding="UTF-8"?>
<!-- Generated by org.testng.reporters.JUnitReportReporter -->
<testsuite skipped="0" hostname="USBLRMANASAMG1" name="Selenium.test.Test2" tests="1" failures="0" timestamp="13 Aug 2019 05:14:39 GMT" time="1.261" errors="0">
  <testcase name="commonWebElementCommands" time="1.261" classname="Selenium.test.Test2"/>
</testsuite> <!-- Selenium.test.Test2 -->
