<?xml version="1.0" encoding="UTF-8"?>
<!-- Generated by org.testng.reporters.JUnitReportReporter -->
<testsuite skipped="0" hostname="USBLRMANASAMG1" name="Selenium.test.Test3" tests="1" failures="0" timestamp="13 Aug 2019 05:14:39 GMT" time="1.155" errors="0">
  <testcase name="selectOperations" time="1.155" classname="Selenium.test.Test3"/>
</testsuite> <!-- Selenium.test.Test3 -->
