<?xml version="1.0" encoding="UTF-8"?>
<!-- Generated by org.testng.reporters.JUnitReportReporter -->
<testsuite skipped="0" hostname="USBLRMANASAMG1" name="Selenium.test.Test1" tests="1" failures="0" timestamp="13 Aug 2019 05:59:22 GMT" time="15.625" errors="0">
  <testcase name="browserCommands" time="15.625" classname="Selenium.test.Test1"/>
</testsuite> <!-- Selenium.test.Test1 -->
